0 info it worked if it ends with ok
1 verbose cli [ '/Users/mohamed-amine/.nvm/versions/node/v6.11.0/bin/node',
1 verbose cli   '/Users/mohamed-amine/.nvm/versions/node/v6.11.0/bin/npm',
1 verbose cli   'run',
1 verbose cli   'build' ]
2 info using npm@3.10.10
3 info using node@v6.11.0
4 verbose run-script [ 'prebuild', 'build', 'postbuild' ]
5 info lifecycle sema-design@1.0.0~prebuild: sema-design@1.0.0
6 silly lifecycle sema-design@1.0.0~prebuild: no script for prebuild, continuing
7 info lifecycle sema-design@1.0.0~build: sema-design@1.0.0
8 verbose lifecycle sema-design@1.0.0~build: unsafe-perm in lifecycle true
9 verbose lifecycle sema-design@1.0.0~build: PATH: /Users/mohamed-amine/.nvm/versions/node/v6.11.0/lib/node_modules/npm/bin/node-gyp-bin:/Users/mohamed-amine/Sites/drupal/web/sites/sema-design/themes/cleverdrop/node_modules/.bin:/usr/local/opt/gnu-sed/libexec/gnubin:/usr/local/opt/make/libexec/gnubin:/opt/chefdk/embedded/bin:/opt/chefdk/bin:/Users/mohamed-amine/.chefdk/gem/ruby/2.3.0/bin:/opt/chefdk/embedded/bin:/Users/mohamed-amine/.nvm/versions/node/v6.11.0/bin:./node_modules/.bin:/usr/local/bin:/usr/bin:/bin:/usr/sbin:/sbin:./node_modules/.bin:/Library/Apple/usr/bin:/opt/chefdk/gitbin:/Users/mohamed-amine/.composer/vendor/bin:/usr/local/sbin/:/usr/local/mysql/bin/
10 verbose lifecycle sema-design@1.0.0~build: CWD: /Users/mohamed-amine/Sites/drupal/web/sites/sema-design/themes/cleverdrop
11 silly lifecycle sema-design@1.0.0~build: Args: [ '-c', 'webpack --mode=production' ]
12 info lifecycle sema-design@1.0.0~build: Failed to exec build script
13 verbose stack Error: sema-design@1.0.0 build: `webpack --mode=production`
13 verbose stack spawn ENOENT
13 verbose stack     at ChildProcess.<anonymous> (/Users/mohamed-amine/.nvm/versions/node/v6.11.0/lib/node_modules/npm/lib/utils/spawn.js:33:16)
13 verbose stack     at emitTwo (events.js:106:13)
13 verbose stack     at ChildProcess.emit (events.js:191:7)
13 verbose stack     at maybeClose (internal/child_process.js:891:16)
13 verbose stack     at Process.ChildProcess._handle.onexit (internal/child_process.js:226:5)
14 verbose pkgid sema-design@1.0.0
15 verbose cwd /Users/mohamed-amine/Sites/drupal/web/sites/sema-design/themes/cleverdrop
16 error Darwin 19.4.0
17 error argv "/Users/mohamed-amine/.nvm/versions/node/v6.11.0/bin/node" "/Users/mohamed-amine/.nvm/versions/node/v6.11.0/bin/npm" "run" "build"
18 error node v6.11.0
19 error npm  v3.10.10
20 error file sh
21 error code ELIFECYCLE
22 error errno ENOENT
23 error syscall spawn
24 error sema-design@1.0.0 build: `webpack --mode=production`
24 error spawn ENOENT
25 error Failed at the sema-design@1.0.0 build script 'webpack --mode=production'.
25 error Make sure you have the latest version of node.js and npm installed.
25 error If you do, this is most likely a problem with the sema-design package,
25 error not with npm itself.
25 error Tell the author that this fails on your system:
25 error     webpack --mode=production
25 error You can get information on how to open an issue for this project with:
25 error     npm bugs sema-design
25 error Or if that isn't available, you can get their info via:
25 error     npm owner ls sema-design
25 error There is likely additional logging output above.
26 verbose exit [ 1, true ]
